# JRE version: Java(TM) SE Runtime Environment (17.0.5+9) (build 17.0.5+9-LTS-191)
# Java VM: Java HotSpot(TM) 64-Bit Server VM (17.0.5+9-LTS-191, mixed mode, emulated-client, sharing, tiered, compressed oops, compressed class ptrs, g1 gc, windows-amd64)
GC Precious Log:
 CPUs: 12 total, 12 available
 Memory: 16021M
 Large Page Support: Disabled
 NUMA Support: Disabled
 Compressed Oops: Enabled (Zero based)
 Heap Region Size: 2M
 Heap Min Capacity: 8M
 Heap Initial Capacity: 252M
 Heap Max Capacity: 4006M
 Pre-touch: Disabled
 Parallel Workers: 10
 Concurrent Workers: 3
 Concurrent Refinement Workers: 10
 Periodic GC: Disabled
Heap:
 garbage-first heap   total 49152K, used 17970K [0x0000000705a00000, 0x0000000800000000)
  region size 2048K, 2 young (4096K), 2 survivors (4096K)
 Metaspace       used 38172K, committed 38528K, reserved 1089536K
  class space    used 4984K, committed 5184K, reserved 1048576K
GC Heap History (20 events):
Event: 0.418 GC heap after
{Heap after GC invocations=1 (full 0):
 garbage-first heap   total 258048K, used 5192K [0x0000000705a00000, 0x0000000800000000)
  region size 2048K, 2 young (4096K), 2 survivors (4096K)
 Metaspace       used 5861K, committed 6080K, reserved 1056768K
  class space    used 702K, committed 832K, reserved 1048576K
}
Event: 0.707 GC heap before
{Heap before GC invocations=1 (full 0):
 garbage-first heap   total 258048K, used 31816K [0x0000000705a00000, 0x0000000800000000)
  region size 2048K, 15 young (30720K), 2 survivors (4096K)
 Metaspace       used 11118K, committed 11392K, reserved 1064960K
  class space    used 1511K, committed 1664K, reserved 1048576K
}
Event: 0.709 GC heap after
{Heap after GC invocations=2 (full 0):
 garbage-first heap   total 258048K, used 7363K [0x0000000705a00000, 0x0000000800000000)
  region size 2048K, 2 young (4096K), 2 survivors (4096K)
 Metaspace       used 11118K, committed 11392K, reserved 1064960K
  class space    used 1511K, committed 1664K, reserved 1048576K
}
Event: 1.276 GC heap before
{Heap before GC invocations=2 (full 0):
 garbage-first heap   total 258048K, used 76995K [0x0000000705a00000, 0x0000000800000000)
  region size 2048K, 37 young (75776K), 2 survivors (4096K)
 Metaspace       used 21272K, committed 21504K, reserved 1073152K
  class space    used 2827K, committed 2944K, reserved 1048576K
}
Event: 1.280 GC heap after
{Heap after GC invocations=3 (full 0):
 garbage-first heap   total 258048K, used 10270K [0x0000000705a00000, 0x0000000800000000)
  region size 2048K, 3 young (6144K), 3 survivors (6144K)
 Metaspace       used 21272K, committed 21504K, reserved 1073152K
  class space    used 2827K, committed 2944K, reserved 1048576K
}
Event: 1.560 GC heap before
{Heap before GC invocations=4 (full 0):
 garbage-first heap   total 49152K, used 34846K [0x0000000705a00000, 0x0000000800000000)
  region size 2048K, 16 young (32768K), 3 survivors (6144K)
 Metaspace       used 25164K, committed 25472K, reserved 1073152K
  class space    used 3378K, committed 3520K, reserved 1048576K
}
Event: 1.565 GC heap after
{Heap after GC invocations=5 (full 0):
 garbage-first heap   total 49152K, used 12599K [0x0000000705a00000, 0x0000000800000000)
  region size 2048K, 4 young (8192K), 4 survivors (8192K)
 Metaspace       used 25164K, committed 25472K, reserved 1073152K
  class space    used 3378K, committed 3520K, reserved 1048576K
}
Event: 1.592 GC heap before
{Heap before GC invocations=5 (full 0):
 garbage-first heap   total 49152K, used 14647K [0x0000000705a00000, 0x0000000800000000)
  region size 2048K, 5 young (10240K), 4 survivors (8192K)
 Metaspace       used 25322K, committed 25600K, reserved 1073152K
  class space    used 3395K, committed 3520K, reserved 1048576K
}
Event: 1.597 GC heap after
{Heap after GC invocations=6 (full 0):
 garbage-first heap   total 49152K, used 13479K [0x0000000705a00000, 0x0000000800000000)
  region size 2048K, 1 young (2048K), 1 survivors (2048K)
 Metaspace       used 25322K, committed 25600K, reserved 1073152K
  class space    used 3395K, committed 3520K, reserved 1048576K
}
Event: 1.794 GC heap before
{Heap before GC invocations=6 (full 0):
 garbage-first heap   total 49152K, used 31911K [0x0000000705a00000, 0x0000000800000000)
  region size 2048K, 10 young (20480K), 1 survivors (2048K)
 Metaspace       used 28418K, committed 28800K, reserved 1081344K
  class space    used 3796K, committed 3968K, reserved 1048576K
}
Event: 1.796 GC heap after
{Heap after GC invocations=7 (full 0):
 garbage-first heap   total 49152K, used 14029K [0x0000000705a00000, 0x0000000800000000)
  region size 2048K, 1 young (2048K), 1 survivors (2048K)
 Metaspace       used 28418K, committed 28800K, reserved 1081344K
  class space    used 3796K, committed 3968K, reserved 1048576K
}
Event: 2.059 GC heap before
{Heap before GC invocations=7 (full 0):
 garbage-first heap   total 49152K, used 32461K [0x0000000705a00000, 0x0000000800000000)
  region size 2048K, 10 young (20480K), 1 survivors (2048K)
 Metaspace       used 35606K, committed 35904K, reserved 1081344K
  class space    used 4659K, committed 4800K, reserved 1048576K
}
Event: 2.061 GC heap after
{Heap after GC invocations=8 (full 0):
 garbage-first heap   total 49152K, used 15508K [0x0000000705a00000, 0x0000000800000000)
  region size 2048K, 2 young (4096K), 2 survivors (4096K)
 Metaspace       used 35606K, committed 35904K, reserved 1081344K
  class space    used 4659K, committed 4800K, reserved 1048576K
}
Event: 2.066 GC heap before
{Heap before GC invocations=8 (full 0):
 garbage-first heap   total 49152K, used 15508K [0x0000000705a00000, 0x0000000800000000)
  region size 2048K, 3 young (6144K), 2 survivors (4096K)
 Metaspace       used 35861K, committed 36160K, reserved 1081344K
  class space    used 4683K, committed 4864K, reserved 1048576K
}
Event: 2.068 GC heap after
{Heap after GC invocations=9 (full 0):
 garbage-first heap   total 49152K, used 15754K [0x0000000705a00000, 0x0000000800000000)
  region size 2048K, 1 young (2048K), 1 survivors (2048K)
 Metaspace       used 35861K, committed 36160K, reserved 1081344K
  class space    used 4683K, committed 4864K, reserved 1048576K
}
Event: 2.183 GC heap before
{Heap before GC invocations=10 (full 0):
 garbage-first heap   total 49152K, used 34186K [0x0000000705a00000, 0x0000000800000000)
  region size 2048K, 10 young (20480K), 1 survivors (2048K)
 Metaspace       used 37439K, committed 37824K, reserved 1089536K
  class space    used 4903K, committed 5120K, reserved 1048576K
}
Event: 2.185 GC heap after
{Heap after GC invocations=11 (full 0):
 garbage-first heap   total 49152K, used 16555K [0x0000000705a00000, 0x0000000800000000)
  region size 2048K, 2 young (4096K), 2 survivors (4096K)
 Metaspace       used 37439K, committed 37824K, reserved 1089536K
  class space    used 4903K, committed 5120K, reserved 1048576K
}
Event: 2.239 GC heap before
{Heap before GC invocations=12 (full 0):
 garbage-first heap   total 49152K, used 34987K [0x0000000705a00000, 0x0000000800000000)
  region size 2048K, 11 young (22528K), 2 survivors (4096K)
 Metaspace       used 37596K, committed 38016K, reserved 1089536K
  class space    used 4912K, committed 5120K, reserved 1048576K
}
Event: 2.241 GC heap after
{Heap after GC invocations=13 (full 0):
 garbage-first heap   total 49152K, used 17044K [0x0000000705a00000, 0x0000000800000000)
  region size 2048K, 1 young (2048K), 1 survivors (2048K)
 Metaspace       used 37596K, committed 38016K, reserved 1089536K
  class space    used 4912K, committed 5120K, reserved 1048576K
}
Event: 2.328 GC heap before
{Heap before GC invocations=13 (full 0):
 garbage-first heap   total 49152K, used 33428K [0x0000000705a00000, 0x0000000800000000)
  region size 2048K, 10 young (20480K), 1 survivors (2048K)
 Metaspace       used 38172K, committed 38528K, reserved 1089536K
  class space    used 4984K, committed 5184K, reserved 1048576K
}

