# JRE version: Java(TM) SE Runtime Environment (17.0.5+9) (build 17.0.5+9-LTS-191)
# Java VM: Java HotSpot(TM) 64-Bit Server VM (17.0.5+9-LTS-191, mixed mode, emulated-client, sharing, tiered, compressed oops, compressed class ptrs, g1 gc, windows-amd64)
GC Precious Log:
 CPUs: 12 total, 12 available
 Memory: 16021M
 Large Page Support: Disabled
 NUMA Support: Disabled
 Compressed Oops: Enabled (Zero based)
 Heap Region Size: 2M
 Heap Min Capacity: 8M
 Heap Initial Capacity: 252M
 Heap Max Capacity: 4006M
 Pre-touch: Disabled
 Parallel Workers: 10
 Concurrent Workers: 3
 Concurrent Refinement Workers: 10
 Periodic GC: Disabled
Heap:
 garbage-first heap   total 69632K, used 21119K [0x0000000705a00000, 0x0000000800000000)
  region size 2048K, 1 young (2048K), 1 survivors (2048K)
 Metaspace       used 43430K, committed 43840K, reserved 1089536K
  class space    used 5712K, committed 5888K, reserved 1048576K
GC Heap History (20 events):
Event: 0.442 GC heap after
{Heap after GC invocations=1 (full 0):
 garbage-first heap   total 258048K, used 5663K [0x0000000705a00000, 0x0000000800000000)
  region size 2048K, 2 young (4096K), 2 survivors (4096K)
 Metaspace       used 7658K, committed 7872K, reserved 1056768K
  class space    used 966K, committed 1088K, reserved 1048576K
}
Event: 0.673 GC heap before
{Heap before GC invocations=1 (full 0):
 garbage-first heap   total 258048K, used 30239K [0x0000000705a00000, 0x0000000800000000)
  region size 2048K, 15 young (30720K), 2 survivors (4096K)
 Metaspace       used 14025K, committed 14272K, reserved 1064960K
  class space    used 1846K, committed 1920K, reserved 1048576K
}
Event: 0.676 GC heap after
{Heap after GC invocations=2 (full 0):
 garbage-first heap   total 258048K, used 7410K [0x0000000705a00000, 0x0000000800000000)
  region size 2048K, 1 young (2048K), 1 survivors (2048K)
 Metaspace       used 14025K, committed 14272K, reserved 1064960K
  class space    used 1846K, committed 1920K, reserved 1048576K
}
Event: 1.099 GC heap before
{Heap before GC invocations=2 (full 0):
 garbage-first heap   total 258048K, used 58610K [0x0000000705a00000, 0x0000000800000000)
  region size 2048K, 27 young (55296K), 1 survivors (2048K)
 Metaspace       used 21263K, committed 21504K, reserved 1073152K
  class space    used 2886K, committed 3008K, reserved 1048576K
}
Event: 1.102 GC heap after
{Heap after GC invocations=3 (full 0):
 garbage-first heap   total 258048K, used 10660K [0x0000000705a00000, 0x0000000800000000)
  region size 2048K, 3 young (6144K), 3 survivors (6144K)
 Metaspace       used 21263K, committed 21504K, reserved 1073152K
  class space    used 2886K, committed 3008K, reserved 1048576K
}
Event: 1.308 GC heap before
{Heap before GC invocations=4 (full 0):
 garbage-first heap   total 49152K, used 35236K [0x0000000705a00000, 0x0000000800000000)
  region size 2048K, 16 young (32768K), 3 survivors (6144K)
 Metaspace       used 25323K, committed 25600K, reserved 1073152K
  class space    used 3438K, committed 3584K, reserved 1048576K
}
Event: 1.312 GC heap after
{Heap after GC invocations=5 (full 0):
 garbage-first heap   total 49152K, used 13085K [0x0000000705a00000, 0x0000000800000000)
  region size 2048K, 4 young (8192K), 4 survivors (8192K)
 Metaspace       used 25323K, committed 25600K, reserved 1073152K
  class space    used 3438K, committed 3584K, reserved 1048576K
}
Event: 1.333 GC heap before
{Heap before GC invocations=5 (full 0):
 garbage-first heap   total 49152K, used 15133K [0x0000000705a00000, 0x0000000800000000)
  region size 2048K, 5 young (10240K), 4 survivors (8192K)
 Metaspace       used 25651K, committed 25920K, reserved 1073152K
  class space    used 3491K, committed 3648K, reserved 1048576K
}
Event: 1.338 GC heap after
{Heap after GC invocations=6 (full 0):
 garbage-first heap   total 49152K, used 13934K [0x0000000705a00000, 0x0000000800000000)
  region size 2048K, 1 young (2048K), 1 survivors (2048K)
 Metaspace       used 25651K, committed 25920K, reserved 1073152K
  class space    used 3491K, committed 3648K, reserved 1048576K
}
Event: 1.484 GC heap before
{Heap before GC invocations=6 (full 0):
 garbage-first heap   total 49152K, used 30318K [0x0000000705a00000, 0x0000000800000000)
  region size 2048K, 9 young (18432K), 1 survivors (2048K)
 Metaspace       used 29210K, committed 29568K, reserved 1081344K
  class space    used 3937K, committed 4096K, reserved 1048576K
}
Event: 1.485 GC heap after
{Heap after GC invocations=7 (full 0):
 garbage-first heap   total 153600K, used 14732K [0x0000000705a00000, 0x0000000800000000)
  region size 2048K, 1 young (2048K), 1 survivors (2048K)
 Metaspace       used 29210K, committed 29568K, reserved 1081344K
  class space    used 3937K, committed 4096K, reserved 1048576K
}
Event: 1.635 GC heap before
{Heap before GC invocations=7 (full 0):
 garbage-first heap   total 153600K, used 22924K [0x0000000705a00000, 0x0000000800000000)
  region size 2048K, 6 young (12288K), 1 survivors (2048K)
 Metaspace       used 35706K, committed 35968K, reserved 1081344K
  class space    used 4730K, committed 4864K, reserved 1048576K
}
Event: 1.637 GC heap after
{Heap after GC invocations=8 (full 0):
 garbage-first heap   total 153600K, used 15787K [0x0000000705a00000, 0x0000000800000000)
  region size 2048K, 2 young (4096K), 2 survivors (4096K)
 Metaspace       used 35706K, committed 35968K, reserved 1081344K
  class space    used 4730K, committed 4864K, reserved 1048576K
}
Event: 1.768 GC heap before
{Heap before GC invocations=9 (full 0):
 garbage-first heap   total 69632K, used 54699K [0x0000000705a00000, 0x0000000800000000)
  region size 2048K, 22 young (45056K), 2 survivors (4096K)
 Metaspace       used 36888K, committed 37248K, reserved 1081344K
  class space    used 4877K, committed 5056K, reserved 1048576K
}
Event: 1.770 GC heap after
{Heap after GC invocations=10 (full 0):
 garbage-first heap   total 69632K, used 16962K [0x0000000705a00000, 0x0000000800000000)
  region size 2048K, 3 young (6144K), 3 survivors (6144K)
 Metaspace       used 36888K, committed 37248K, reserved 1081344K
  class space    used 4877K, committed 5056K, reserved 1048576K
}
Event: 1.774 GC heap before
{Heap before GC invocations=10 (full 0):
 garbage-first heap   total 69632K, used 19010K [0x0000000705a00000, 0x0000000800000000)
  region size 2048K, 4 young (8192K), 3 survivors (6144K)
 Metaspace       used 36898K, committed 37248K, reserved 1081344K
  class space    used 4878K, committed 5056K, reserved 1048576K
}
Event: 1.776 GC heap after
{Heap after GC invocations=11 (full 0):
 garbage-first heap   total 69632K, used 17426K [0x0000000705a00000, 0x0000000800000000)
  region size 2048K, 1 young (2048K), 1 survivors (2048K)
 Metaspace       used 36898K, committed 37248K, reserved 1081344K
  class space    used 4878K, committed 5056K, reserved 1048576K
}
Event: 1.982 GC heap before
{Heap before GC invocations=11 (full 0):
 garbage-first heap   total 69632K, used 48146K [0x0000000705a00000, 0x0000000800000000)
  region size 2048K, 16 young (32768K), 1 survivors (2048K)
 Metaspace       used 39276K, committed 39616K, reserved 1089536K
  class space    used 5212K, committed 5376K, reserved 1048576K
}
Event: 1.985 GC heap after
{Heap after GC invocations=12 (full 0):
 garbage-first heap   total 69632K, used 19435K [0x0000000705a00000, 0x0000000800000000)
  region size 2048K, 2 young (4096K), 2 survivors (4096K)
 Metaspace       used 39276K, committed 39616K, reserved 1089536K
  class space    used 5212K, committed 5376K, reserved 1048576K
}
Event: 72.676 GC heap before
{Heap before GC invocations=13 (full 0):
 garbage-first heap   total 69632K, used 46059K [0x0000000705a00000, 0x0000000800000000)
  region size 2048K, 16 young (32768K), 2 survivors (4096K)
 Metaspace       used 43430K, committed 43840K, reserved 1089536K
  class space    used 5712K, committed 5888K, reserved 1048576K
}

